<?xml version="1.0" encoding="UTF-8"?>
<!-- Generated by org.testng.reporters.JUnitReportReporter -->
<testsuite hostname="Guillermo" failures="0" tests="1" name="com.herokuapp.theinternet.PositiveTests" time="15.436" errors="0" timestamp="12 mar. 2020 22:58:02 GMT" skipped="0">
  <testcase classname="com.herokuapp.theinternet.PositiveTests" name="loginTest" time="15.436"/>
</testsuite> <!-- com.herokuapp.theinternet.PositiveTests -->
