<?xml version="1.0" encoding="UTF-8"?>
<!-- Generated by org.testng.reporters.JUnitReportReporter -->
<testsuite hostname="Guillermo" failures="0" tests="2" name="com.herokuapp.theinternet.NegativeTest" time="26.277" errors="0" timestamp="15 mar. 2020 08:14:55 GMT" skipped="0">
  <testcase classname="com.herokuapp.theinternet.NegativeTest" name="NegativeLoginTest" time="12.557"/>
  <testcase classname="com.herokuapp.theinternet.NegativeTest" name="NegativeLoginTest" time="13.720"/>
</testsuite> <!-- com.herokuapp.theinternet.NegativeTest -->
