<?xml version="1.0" encoding="UTF-8"?>
<!-- Generated by org.testng.reporters.JUnitReportReporter -->
<testsuite hostname="Guillermo" failures="0" tests="1" name="com.herokuapp.theinternet.IncorrectPassword" time="13.014" errors="0" timestamp="12 mar. 2020 22:26:24 GMT" skipped="0">
  <testcase classname="com.herokuapp.theinternet.IncorrectPassword" name="IncorrectPass" time="13.014"/>
</testsuite> <!-- com.herokuapp.theinternet.IncorrectPassword -->
