<?xml version="1.0" encoding="UTF-8"?>
<!-- Generated by org.testng.reporters.JUnitReportReporter -->
<testsuite hostname="Guillermo" failures="0" tests="1" name="com.herokuapp.theinternet.ExceptionsTests" time="15.194" errors="0" timestamp="16 mar. 2020 07:34:28 GMT" skipped="0">
  <testcase classname="com.herokuapp.theinternet.ExceptionsTests" name="disabledElementTest" time="15.194"/>
</testsuite> <!-- com.herokuapp.theinternet.ExceptionsTests -->
