<?xml version="1.0" encoding="UTF-8"?>
<!-- Generated by org.testng.reporters.JUnitReportReporter -->
<testsuite hostname="Guillermo" failures="0" tests="2" name="com.herokuapp.theinternet.NegativeTest" time="28.386" errors="0" timestamp="12 mar. 2020 22:39:22 GMT" skipped="0">
  <testcase classname="com.herokuapp.theinternet.NegativeTest" name="IncorrectUsername" time="15.022"/>
  <testcase classname="com.herokuapp.theinternet.NegativeTest" name="IncorrectPassword" time="13.364"/>
</testsuite> <!-- com.herokuapp.theinternet.NegativeTest -->
